<?xml version="1.0" encoding="UTF-8"?>
<!-- Generated by org.testng.reporters.JUnitReportReporter -->
<testsuite hostname="LAPTOP-UDU34NSP" failures="0" tests="1" name="tests.DDF" time="5.091" errors="0" timestamp="2023-09-07T16:41:52 IST" skipped="0">
  <testcase classname="tests.DDF" name="verifyErrorMsg" time="5.091"/>
</testsuite> <!-- tests.DDF -->
