<?xml version="1.0" encoding="UTF-8"?>
<!-- Generated by org.testng.reporters.JUnitReportReporter -->
<testsuite hostname="LAPTOP-UDU34NSP" failures="0" tests="3" name="tests.BasicTest5" time="38.001" errors="0" timestamp="2023-09-08T15:22:53 IST" skipped="0">
  <testcase classname="tests.BasicTest5" name="TestLogin" time="12.409"/>
  <testcase classname="tests.BasicTest5" name="TestLogin" time="13.742"/>
  <testcase classname="tests.BasicTest5" name="TestLogin" time="11.850"/>
</testsuite> <!-- tests.BasicTest5 -->
