<?xml version="1.0" encoding="UTF-8"?>
<!-- Generated by org.testng.reporters.JUnitReportReporter -->
<testsuite hostname="LAPTOP-UDU34NSP" failures="0" tests="1" name="tests.BuyOrder" time="1.974" errors="0" timestamp="2023-09-06T12:28:31 IST" skipped="0">
  <testcase classname="tests.BuyOrder" name="BuyMobile" time="1.974"/>
</testsuite> <!-- tests.BuyOrder -->
